<?xml version="1.0" encoding="UTF-8"?>
<!-- Generated by org.testng.reporters.JUnitReportReporter -->
<testsuite hostname="DESKTOP-J77L1O0" failures="0" tests="1" name="Test.LoginPageTest" time="17.448" errors="0" timestamp="2022-10-31T16:57:34 IST" skipped="0">
  <testcase classname="Test.LoginPageTest" name="validLoginPagewithConfigDataTest" time="17.448"/>
  <system-out/>
</testsuite> <!-- Test.LoginPageTest -->
